sample-app/build/outputs/logs/manifest-merger-debug-report.txt
-- Merging decision tree log ---
manifest
ADDED from src/main/AndroidManifest.xml:2:1-33:12
INJECTED from src/main/AndroidManifest.xml:2:1-33:12
INJECTED from src/main/AndroidManifest.xml:2:1-33:12
INJECTED from src/main/AndroidManifest.xml:2:1-33:12
MERGED from [hardware-1.0.0.aar] AndroidManifest.xml:2:1-13:12
MERGED from [settings-1.4.0.aar] AndroidManifest.xml:2:1-13:12
MERGED from [signals-1.0.1.aar] AndroidManifest.xml:2:1-28:12
MERGED from [signals-shared-constants-1.1.0.aar] AndroidManifest.xml:2:1-17:12
MERGED from [support-2.0.1.aar] AndroidManifest.xml:2:1-25:12
MERGED from [:lyft-button] AndroidManifest.xml:2:1-11:12
MERGED from [com.android.support:appcompat-v7:23.4.0] AndroidManifest.xml:17:1-27:12
MERGED from [com.google.android.gms:play-services-location:9.4.0] AndroidManifest.xml:16:1-20:12
MERGED from [com.android.support.constraint:constraint-layout:1.0.2] AndroidManifest.xml:2:1-11:12
MERGED from [:deeplink] AndroidManifest.xml:2:1-11:12
MERGED from [com.android.support:animated-vector-drawable:23.4.0] AndroidManifest.xml:2:1-9:12
MERGED from [com.android.support:support-vector-drawable:23.4.0] AndroidManifest.xml:2:1-9:12
MERGED from [com.google.android.gms:play-services-base:9.4.0] AndroidManifest.xml:16:1-24:12
MERGED from [com.google.android.gms:play-services-tasks:9.4.0] AndroidManifest.xml:2:1-6:12
MERGED from [com.google.android.gms:play-services-basement:9.4.0] AndroidManifest.xml:16:1-26:12
MERGED from [com.android.support:support-v4:23.4.0] AndroidManifest.xml:17:1-24:12
INJECTED from src/main/AndroidManifest.xml:2:1-33:12
INJECTED from src/main/AndroidManifest.xml:2:1-33:12
INJECTED from src/main/AndroidManifest.xml:2:1-33:12
	package
		ADDED from src/main/AndroidManifest.xml:2:11-33
		INJECTED from src/main/AndroidManifest.xml
		INJECTED from src/main/AndroidManifest.xml
	android:versionName
		INJECTED from src/main/AndroidManifest.xml
		ADDED from src/main/AndroidManifest.xml:2:1-33:12
		INJECTED from src/main/AndroidManifest.xml
	android:versionCode
		INJECTED from src/main/AndroidManifest.xml
		ADDED from src/main/AndroidManifest.xml:2:1-33:12
		INJECTED from src/main/AndroidManifest.xml
	xmlns:android
		ADDED from src/main/AndroidManifest.xml:3:5-63
uses-permission#android.permission.ACCESS_FINE_LOCATION
ADDED from src/main/AndroidManifest.xml:7:5-79
	android:name
		ADDED from src/main/AndroidManifest.xml:7:22-76
uses-permission#android.permission.INTERNET
ADDED from src/main/AndroidManifest.xml:8:5-67
	android:name
		ADDED from src/main/AndroidManifest.xml:8:22-64
uses-permission#com.gm.vehicle.permission.READ_MOTION_DRIVING_BEHAVIOR
ADDED from src/main/AndroidManifest.xml:9:5-94
	android:name
		ADDED from src/main/AndroidManifest.xml:9:22-91
uses-permission#com.gm.vehicle.permission.READ_SAFETY_SYSTEMS_DRIVING_BEHAVIOR
ADDED from src/main/AndroidManifest.xml:10:5-102
	android:name
		ADDED from src/main/AndroidManifest.xml:10:22-99
uses-permission#com.gm.vehicle.permission.READ_BRAKE_DRIVING_BEHAVIOR
ADDED from src/main/AndroidManifest.xml:11:5-93
	android:name
		ADDED from src/main/AndroidManifest.xml:11:22-90
application
ADDED from src/main/AndroidManifest.xml:12:5-31:19
MERGED from [hardware-1.0.0.aar] AndroidManifest.xml:11:5-47
MERGED from [hardware-1.0.0.aar] AndroidManifest.xml:11:5-47
MERGED from [settings-1.4.0.aar] AndroidManifest.xml:11:5-47
MERGED from [settings-1.4.0.aar] AndroidManifest.xml:11:5-47
MERGED from [signals-1.0.1.aar] AndroidManifest.xml:15:5-26:19
MERGED from [signals-1.0.1.aar] AndroidManifest.xml:15:5-26:19
MERGED from [signals-shared-constants-1.1.0.aar] AndroidManifest.xml:11:5-15:19
MERGED from [signals-shared-constants-1.1.0.aar] AndroidManifest.xml:11:5-15:19
MERGED from [support-2.0.1.aar] AndroidManifest.xml:17:5-23:19
MERGED from [support-2.0.1.aar] AndroidManifest.xml:17:5-23:19
MERGED from [com.android.support:appcompat-v7:23.4.0] AndroidManifest.xml:25:5-20
MERGED from [com.android.support:appcompat-v7:23.4.0] AndroidManifest.xml:25:5-20
MERGED from [com.google.android.gms:play-services-location:9.4.0] AndroidManifest.xml:19:5-20
MERGED from [com.google.android.gms:play-services-location:9.4.0] AndroidManifest.xml:19:5-20
MERGED from [com.android.support.constraint:constraint-layout:1.0.2] AndroidManifest.xml:9:5-20
MERGED from [com.android.support.constraint:constraint-layout:1.0.2] AndroidManifest.xml:9:5-20
MERGED from [com.android.support:animated-vector-drawable:23.4.0] AndroidManifest.xml:7:5-20
MERGED from [com.android.support:animated-vector-drawable:23.4.0] AndroidManifest.xml:7:5-20
MERGED from [com.android.support:support-vector-drawable:23.4.0] AndroidManifest.xml:7:5-20
MERGED from [com.android.support:support-vector-drawable:23.4.0] AndroidManifest.xml:7:5-20
MERGED from [com.google.android.gms:play-services-base:9.4.0] AndroidManifest.xml:19:5-23:19
MERGED from [com.google.android.gms:play-services-base:9.4.0] AndroidManifest.xml:19:5-23:19
MERGED from [com.google.android.gms:play-services-tasks:9.4.0] AndroidManifest.xml:5:5-20
MERGED from [com.google.android.gms:play-services-tasks:9.4.0] AndroidManifest.xml:5:5-20
MERGED from [com.google.android.gms:play-services-basement:9.4.0] AndroidManifest.xml:20:5-24:19
MERGED from [com.google.android.gms:play-services-basement:9.4.0] AndroidManifest.xml:20:5-24:19
MERGED from [com.android.support:support-v4:23.4.0] AndroidManifest.xml:22:5-20
MERGED from [com.android.support:support-v4:23.4.0] AndroidManifest.xml:22:5-20
	android:supportsRtl
		ADDED from [signals-1.0.1.aar] AndroidManifest.xml:18:9-35
	android:label
		ADDED from src/main/AndroidManifest.xml:15:9-41
	android:icon
		ADDED from src/main/AndroidManifest.xml:14:9-43
	android:allowBackup
		ADDED from src/main/AndroidManifest.xml:13:9-35
activity#com.lyft.sdk.SampleBasicActivity
ADDED from src/main/AndroidManifest.xml:17:9-23:20
	android:name
		ADDED from src/main/AndroidManifest.xml:17:19-54
intent-filter#action:name:android.intent.action.MAIN+category:name:android.intent.category.LAUNCHER
ADDED from src/main/AndroidManifest.xml:18:13-22:29
action#android.intent.action.MAIN
ADDED from src/main/AndroidManifest.xml:19:17-69
	android:name
		ADDED from src/main/AndroidManifest.xml:19:25-66
category#android.intent.category.LAUNCHER
ADDED from src/main/AndroidManifest.xml:21:17-77
	android:name
		ADDED from src/main/AndroidManifest.xml:21:27-74
activity#com.lyft.sdk.SampleLocationAwareActivity
ADDED from src/main/AndroidManifest.xml:24:9-30:20
	android:name
		ADDED from src/main/AndroidManifest.xml:24:19-62
intent-filter#action:name:android.intent.action.DEFAULT+category:name:android.intent.category.LAUNCHER
ADDED from src/main/AndroidManifest.xml:25:13-29:29
action#android.intent.action.DEFAULT
ADDED from src/main/AndroidManifest.xml:26:17-72
	android:name
		ADDED from src/main/AndroidManifest.xml:26:25-69
uses-sdk
INJECTED from src/main/AndroidManifest.xml reason: use-sdk injection requested
INJECTED from src/main/AndroidManifest.xml
INJECTED from src/main/AndroidManifest.xml
MERGED from [hardware-1.0.0.aar] AndroidManifest.xml:7:5-9:41
MERGED from [hardware-1.0.0.aar] AndroidManifest.xml:7:5-9:41
MERGED from [settings-1.4.0.aar] AndroidManifest.xml:7:5-9:41
MERGED from [settings-1.4.0.aar] AndroidManifest.xml:7:5-9:41
MERGED from [signals-1.0.1.aar] AndroidManifest.xml:7:5-9:41
MERGED from [signals-1.0.1.aar] AndroidManifest.xml:7:5-9:41
MERGED from [signals-shared-constants-1.1.0.aar] AndroidManifest.xml:7:5-9:41
MERGED from [signals-shared-constants-1.1.0.aar] AndroidManifest.xml:7:5-9:41
MERGED from [support-2.0.1.aar] AndroidManifest.xml:7:5-9:41
MERGED from [support-2.0.1.aar] AndroidManifest.xml:7:5-9:41
MERGED from [:lyft-button] AndroidManifest.xml:7:5-9:41
MERGED from [:lyft-button] AndroidManifest.xml:7:5-9:41
MERGED from [com.android.support:appcompat-v7:23.4.0] AndroidManifest.xml:21:5-23:78
MERGED from [com.android.support:appcompat-v7:23.4.0] AndroidManifest.xml:21:5-23:78
MERGED from [com.google.android.gms:play-services-location:9.4.0] AndroidManifest.xml:18:5-42
MERGED from [com.google.android.gms:play-services-location:9.4.0] AndroidManifest.xml:18:5-42
MERGED from [com.android.support.constraint:constraint-layout:1.0.2] AndroidManifest.xml:5:5-7:41
MERGED from [com.android.support.constraint:constraint-layout:1.0.2] AndroidManifest.xml:5:5-7:41
MERGED from [:deeplink] AndroidManifest.xml:7:5-9:41
MERGED from [:deeplink] AndroidManifest.xml:7:5-9:41
MERGED from [com.android.support:animated-vector-drawable:23.4.0] AndroidManifest.xml:5:5-44
MERGED from [com.android.support:animated-vector-drawable:23.4.0] AndroidManifest.xml:5:5-44
MERGED from [com.android.support:support-vector-drawable:23.4.0] AndroidManifest.xml:5:5-43
MERGED from [com.android.support:support-vector-drawable:23.4.0] AndroidManifest.xml:5:5-43
MERGED from [com.google.android.gms:play-services-base:9.4.0] AndroidManifest.xml:18:5-42
MERGED from [com.google.android.gms:play-services-base:9.4.0] AndroidManifest.xml:18:5-42
MERGED from [com.google.android.gms:play-services-tasks:9.4.0] AndroidManifest.xml:4:5-43
MERGED from [com.google.android.gms:play-services-tasks:9.4.0] AndroidManifest.xml:4:5-43
MERGED from [com.google.android.gms:play-services-basement:9.4.0] AndroidManifest.xml:18:5-42
MERGED from [com.google.android.gms:play-services-basement:9.4.0] AndroidManifest.xml:18:5-42
MERGED from [com.android.support:support-v4:23.4.0] AndroidManifest.xml:20:5-43
MERGED from [com.android.support:support-v4:23.4.0] AndroidManifest.xml:20:5-43
INJECTED from src/main/AndroidManifest.xml
INJECTED from src/main/AndroidManifest.xml
	tools:overrideLibrary
		ADDED from [com.android.support:appcompat-v7:23.4.0] AndroidManifest.xml:23:9-75
	android:targetSdkVersion
		INJECTED from src/main/AndroidManifest.xml
		ADDED from src/main/AndroidManifest.xml
		INJECTED from src/main/AndroidManifest.xml
	android:minSdkVersion
		INJECTED from src/main/AndroidManifest.xml
		ADDED from src/main/AndroidManifest.xml
		INJECTED from src/main/AndroidManifest.xml
uses-permission#com.gm.apimanager.permission.VEHICLE_DATA_SERVICE
ADDED from [signals-1.0.1.aar] AndroidManifest.xml:11:5-89
	android:name
		ADDED from [signals-1.0.1.aar] AndroidManifest.xml:11:22-86
uses-permission#com.gm.apimanager.permission.ACCESS_VEHICLE_DATA_SERVICE
ADDED from [signals-1.0.1.aar] AndroidManifest.xml:12:5-96
	android:name
		ADDED from [signals-1.0.1.aar] AndroidManifest.xml:12:22-93
uses-permission#com.gm.apimanager.permission.ACCESS_SELF_REINSTALL_SERVICE
ADDED from [signals-1.0.1.aar] AndroidManifest.xml:13:5-98
	android:name
		ADDED from [signals-1.0.1.aar] AndroidManifest.xml:13:22-95
activity#com.gm.android.vehicle.signals.ApiManagerAlertActivity
ADDED from [signals-1.0.1.aar] AndroidManifest.xml:19:9-21:80
	android:theme
		ADDED from [signals-1.0.1.aar] AndroidManifest.xml:21:13-77
	android:name
		ADDED from [signals-1.0.1.aar] AndroidManifest.xml:20:13-82
service#com.gm.android.vehicle.signals.ApiManagerIntentService
ADDED from [signals-1.0.1.aar] AndroidManifest.xml:23:9-25:40
	android:exported
		ADDED from [signals-1.0.1.aar] AndroidManifest.xml:25:13-37
	android:name
		ADDED from [signals-1.0.1.aar] AndroidManifest.xml:24:13-82
uses-permission#android.permission.SYSTEM_ALERT_WINDOW
ADDED from [support-2.0.1.aar] AndroidManifest.xml:11:5-78
	android:name
		ADDED from [support-2.0.1.aar] AndroidManifest.xml:11:22-75
uses-permission#android.permission.WRITE_EXTERNAL_STORAGE
ADDED from [support-2.0.1.aar] AndroidManifest.xml:12:5-81
	android:name
		ADDED from [support-2.0.1.aar] AndroidManifest.xml:12:22-78
uses-permission#com.gm.permission.ToolkitEventServicePermission
ADDED from [support-2.0.1.aar] AndroidManifest.xml:13:5-87
	android:name
		ADDED from [support-2.0.1.aar] AndroidManifest.xml:13:22-84
uses-permission#com.gm.permission.ActivityPermissions
ADDED from [support-2.0.1.aar] AndroidManifest.xml:14:5-77
	android:name
		ADDED from [support-2.0.1.aar] AndroidManifest.xml:14:22-74
uses-permission#com.gm.permission.SignalsReceiverPermission
ADDED from [support-2.0.1.aar] AndroidManifest.xml:15:5-83
	android:name
		ADDED from [support-2.0.1.aar] AndroidManifest.xml:15:22-80
service#com.gm.android.vehicle.support.ToolkitInstrumentationService
ADDED from [support-2.0.1.aar] AndroidManifest.xml:18:9-22:19
	android:name
		ADDED from [support-2.0.1.aar] AndroidManifest.xml:18:18-93
intent-filter#action:name:com.gm.android.vehicle.TOOLKIT
ADDED from [support-2.0.1.aar] AndroidManifest.xml:19:13-21:29
action#com.gm.android.vehicle.TOOLKIT
ADDED from [support-2.0.1.aar] AndroidManifest.xml:20:17-73
	android:name
		ADDED from [support-2.0.1.aar] AndroidManifest.xml:20:25-70
activity#com.google.android.gms.common.api.GoogleApiActivity
ADDED from [com.google.android.gms:play-services-base:9.4.0] AndroidManifest.xml:20:9-22:45
	android:exported
		ADDED from [com.google.android.gms:play-services-base:9.4.0] AndroidManifest.xml:22:19-43
	android:theme
		ADDED from [com.google.android.gms:play-services-base:9.4.0] AndroidManifest.xml:21:19-78
	android:name
		ADDED from [com.google.android.gms:play-services-base:9.4.0] AndroidManifest.xml:20:19-85
meta-data#com.google.android.gms.version
ADDED from [com.google.android.gms:play-services-basement:9.4.0] AndroidManifest.xml:21:9-23:69
	android:value
		ADDED from [com.google.android.gms:play-services-basement:9.4.0] AndroidManifest.xml:23:13-66
	android:name
		ADDED from [com.google.android.gms:play-services-basement:9.4.0] AndroidManifest.xml:22:13-58